<?xml version="1.0" encoding="UTF-8"?>
<!-- Generated by org.testng.reporters.JUnitReportReporter -->
<testsuite hostname="LAPTOP-M644PBGN" failures="0" tests="8" name="jiraAPI.JIRARestAPI" time="1.111" errors="0" timestamp="2021-04-13T20:24:53 IST" skipped="1">
  <testcase classname="jiraAPI.JIRARestAPI" name="createIssue" time="0.584"/>
  <system-out/>
  <testcase classname="jiraAPI.JIRARestAPI" name="getIssue" time="0.076"/>
  <system-out/>
  <testcase classname="jiraAPI.JIRARestAPI" name="addAssignee" time="0.079"/>
  <system-out/>
  <testcase classname="jiraAPI.JIRARestAPI" name="addComment" time="0.092"/>
  <system-out/>
  <testcase classname="jiraAPI.JIRARestAPI" name="updateComment" time="0.070"/>
  <system-out/>
  <testcase classname="jiraAPI.JIRARestAPI" name="deleteComment" time="0.086"/>
  <system-out/>
  <testcase classname="jiraAPI.JIRARestAPI" name="deleteIssue" time="0.124"/>
  <system-out/>
  <testcase classname="jiraAPI.JIRARestAPI" name="addAttachments">
    <skipped/>
  </testcase> <!-- addAttachments -->
  <system-out/>
</testsuite> <!-- jiraAPI.JIRARestAPI -->
